 Total running seconds:  1.67
 Thank you for using Medit.
version de medit ffmedit.exe -popen -filebin 1  Dodecaedre
  -- Medit,  Release 3.0a (Nov. 30, 2007)
     Copyright (c) LJLL, 1999-2007.
     compiled:  Wed Oct 19 14:42:24 CEST 2022 (with ff++ 4.11).
 
medit with binary version of popen : mesh(es)
mesh_name= Dodecaedre
 Loading data file(s)
End of mesh
  Input seconds:     0.00
 
 medit1()
 
 Building scene(s)
  Creating scene 1
   Loading default options
  Scene seconds:     0.16
 
 Rendering scene(s)
 
 Total running seconds:  1.48
 Thank you for using Medit.
times: compile 0.076s, execution 6.109s,  mpirank:0
 ######## unfreed pointers   169 Nb pointer,   0Bytes  ,  mpirank 0, memory leak =0
 CodeAlloc : nb ptr  4410,  size :552040 mpirank: 0
Ok: Normal End
 try getConsole C:\Users\fatim\Desktop\Elasticity\examples\Freefem\edp\elasticity_3D.edp
